<?xml version="1.0" encoding="utf-8"?><testsuites name="pytest tests"><testsuite name="pytest" errors="0" failures="0" skipped="0" tests="22" time="7.701" timestamp="2026-01-10T10:36:04.304296+00:00" hostname="agent-env-843100fd-9203-4729-bcc9-e08d24273e89"><testcase classname="tests.test_milkbites_api.TestHealthAndBasicEndpoints" name="test_featured_products_endpoint" time="0.099" /><testcase classname="tests.test_milkbites_api.TestHealthAndBasicEndpoints" name="test_site_settings_endpoint" time="0.060" /><testcase classname="tests.test_milkbites_api.TestHealthAndBasicEndpoints" name="test_products_list_endpoint" time="0.055" /><testcase classname="tests.test_milkbites_api.TestHealthAndBasicEndpoints" name="test_products_by_category" time="0.058" /><testcase classname="tests.test_milkbites_api.TestAuthentication" name="test_admin_login_success" time="0.334" /><testcase classname="tests.test_milkbites_api.TestAuthentication" name="test_admin_login_invalid_credentials" time="0.047" /><testcase classname="tests.test_milkbites_api.TestAuthentication" name="test_customer_login_success" time="0.344" /><testcase classname="tests.test_milkbites_api.TestAdminOrders" name="test_admin_get_all_orders" time="0.401" /><testcase classname="tests.test_milkbites_api.TestAdminOrders" name="test_admin_orders_unauthorized" time="0.048" /><testcase classname="tests.test_milkbites_api.TestAdminSiteSettings" name="test_admin_update_site_settings" time="0.480" /><testcase classname="tests.test_milkbites_api.TestAdminSiteSettings" name="test_site_settings_update_unauthorized" time="0.044" /><testcase classname="tests.test_milkbites_api.TestCartOperations" name="test_get_cart" time="0.372" /><testcase classname="tests.test_milkbites_api.TestCartOperations" name="test_add_to_cart" time="0.454" /><testcase classname="tests.test_milkbites_api.TestCartOperations" name="test_update_cart_quantity" time="0.593" /><testcase classname="tests.test_milkbites_api.TestCartOperations" name="test_remove_from_cart" time="0.507" /><testcase classname="tests.test_milkbites_api.TestProductManagement" name="test_create_product" time="0.375" /><testcase classname="tests.test_milkbites_api.TestProductManagement" name="test_update_product" time="0.746" /><testcase classname="tests.test_milkbites_api.TestProductManagement" name="test_delete_product" time="0.649" /><testcase classname="tests.test_milkbites_api.TestProductManagement" name="test_product_image_upload_url" time="0.482" /><testcase classname="tests.test_milkbites_api.TestDiscounts" name="test_get_discounts" time="0.475" /><testcase classname="tests.test_milkbites_api.TestDiscounts" name="test_create_discount" time="0.403" /><testcase classname="tests.test_milkbites_api.TestCleanup" name="test_cleanup_test_products" time="0.430" /></testsuite></testsuites>