<?xml version="1.0" encoding="utf-8"?><testsuites name="pytest tests"><testsuite name="pytest" errors="0" failures="0" skipped="0" tests="33" time="11.539" timestamp="2026-01-10T11:02:44.138658+00:00" hostname="agent-env-843100fd-9203-4729-bcc9-e08d24273e89"><testcase classname="tests.test_milkbites_api.TestHealthAndBasicEndpoints" name="test_featured_products_endpoint" time="0.115" /><testcase classname="tests.test_milkbites_api.TestHealthAndBasicEndpoints" name="test_site_settings_endpoint" time="0.069" /><testcase classname="tests.test_milkbites_api.TestHealthAndBasicEndpoints" name="test_products_list_endpoint" time="0.053" /><testcase classname="tests.test_milkbites_api.TestHealthAndBasicEndpoints" name="test_products_by_category" time="0.053" /><testcase classname="tests.test_milkbites_api.TestAuthentication" name="test_admin_login_success" time="0.334" /><testcase classname="tests.test_milkbites_api.TestAuthentication" name="test_admin_login_invalid_credentials" time="0.050" /><testcase classname="tests.test_milkbites_api.TestAuthentication" name="test_customer_login_success" time="0.333" /><testcase classname="tests.test_milkbites_api.TestAdminOrders" name="test_admin_get_all_orders" time="0.504" /><testcase classname="tests.test_milkbites_api.TestAdminOrders" name="test_admin_orders_unauthorized" time="0.051" /><testcase classname="tests.test_milkbites_api.TestAdminSiteSettings" name="test_admin_update_site_settings" time="0.521" /><testcase classname="tests.test_milkbites_api.TestAdminSiteSettings" name="test_site_settings_update_unauthorized" time="0.044" /><testcase classname="tests.test_milkbites_api.TestCartOperations" name="test_get_cart" time="0.375" /><testcase classname="tests.test_milkbites_api.TestCartOperations" name="test_add_to_cart" time="0.437" /><testcase classname="tests.test_milkbites_api.TestCartOperations" name="test_update_cart_quantity" time="0.537" /><testcase classname="tests.test_milkbites_api.TestCartOperations" name="test_remove_from_cart" time="0.424" /><testcase classname="tests.test_milkbites_api.TestProductManagement" name="test_create_product" time="0.379" /><testcase classname="tests.test_milkbites_api.TestProductManagement" name="test_update_product" time="0.536" /><testcase classname="tests.test_milkbites_api.TestProductManagement" name="test_delete_product" time="0.499" /><testcase classname="tests.test_milkbites_api.TestProductManagement" name="test_product_image_upload_url" time="0.420" /><testcase classname="tests.test_milkbites_api.TestDiscounts" name="test_get_discounts" time="0.367" /><testcase classname="tests.test_milkbites_api.TestDiscounts" name="test_create_discount" time="0.388" /><testcase classname="tests.test_milkbites_api.TestCleanup" name="test_cleanup_test_products" time="0.418" /><testcase classname="tests.test_new_features.TestAddressManagement" name="test_create_address" time="0.381" /><testcase classname="tests.test_new_features.TestAddressManagement" name="test_get_addresses" time="0.381" /><testcase classname="tests.test_new_features.TestAddressManagement" name="test_update_address" time="0.515" /><testcase classname="tests.test_new_features.TestAddressManagement" name="test_default_address_unsets_others" time="0.571" /><testcase classname="tests.test_new_features.TestAddressManagement" name="test_delete_address" time="0.478" /><testcase classname="tests.test_new_features.TestCSVExport" name="test_csv_export_has_products_column" time="0.409" /><testcase classname="tests.test_new_features.TestAdminOrderDetails" name="test_admin_orders_have_items_with_product_ids" time="0.511" /><testcase classname="tests.test_new_features.TestAdminOrderDetails" name="test_admin_orders_have_customer_info" time="0.514" /><testcase classname="tests.test_new_features.TestProductEndpoints" name="test_get_single_product" time="0.098" /><testcase classname="tests.test_new_features.TestProductEndpoints" name="test_product_not_found" time="0.048" /><testcase classname="tests.test_new_features.TestCleanupAddresses" name="test_cleanup_test_addresses" time="0.416" /></testsuite></testsuites>